<?xml version="1.0" encoding="UTF-8"?>
<testng-results skipped="0" failed="0" ignored="0" total="1" passed="1">
  <reporter-output>
  </reporter-output>
  <suite name="Default suite" duration-ms="23087" started-at="2019-05-17T06:00:49Z" finished-at="2019-05-17T06:01:12Z">
    <groups>
    </groups>
    <test name="Default test" duration-ms="23087" started-at="2019-05-17T06:00:49Z" finished-at="2019-05-17T06:01:12Z">
      <class name="example2.TestingTitle">
        <test-method status="PASS" signature="startDriver()[pri:0, instance:example2.TestingTitle@26be92ad]" name="startDriver" is-config="true" duration-ms="22992" started-at="2019-05-17T06:00:49Z" finished-at="2019-05-17T06:01:12Z">
          <reporter-output>
          </reporter-output>
        </test-method> <!-- startDriver -->
        <test-method status="PASS" signature="checkTitle()[pri:0, instance:example2.TestingTitle@26be92ad]" name="checkTitle" duration-ms="35" started-at="2019-05-17T06:01:12Z" finished-at="2019-05-17T06:01:12Z">
          <reporter-output>
          </reporter-output>
        </test-method> <!-- checkTitle -->
        <test-method status="PASS" signature="afterTest()[pri:0, instance:example2.TestingTitle@26be92ad]" name="afterTest" is-config="true" duration-ms="0" started-at="2019-05-17T06:01:12Z" finished-at="2019-05-17T06:01:12Z">
          <reporter-output>
          </reporter-output>
        </test-method> <!-- afterTest -->
      </class> <!-- example2.TestingTitle -->
    </test> <!-- Default test -->
  </suite> <!-- Default suite -->
</testng-results>
